This is pdfTeX, Version 3.141592653-2.6-1.40.24 (TeX Live 2022) (preloaded format=pdflatex 2022.8.18)  25 APR 2023 09:49
entering extended mode
 restricted \write18 enabled.
 %&-line parsing enabled.
**Methods.tex
(./Methods.tex
LaTeX2e <2022-06-01> patch level 5
L3 programming layer <2022-08-05>
(c:/Users/Philip.Jonathan/AppData/Local/Programs/texlive/2022/texmf-dist/tex/la
tex/base/article.cls
Document Class: article 2021/10/04 v1.4n Standard LaTeX document class

(c:/Users/Philip.Jonathan/AppData/Local/Programs/texlive/2022/texmf-dist/tex/la
tex/base/size10.clo
File: size10.clo 2021/10/04 v1.4n Standard LaTeX file (size option)
)
\c@part=\count185
\c@section=\count186
\c@subsection=\count187
\c@subsubsection=\count188
\c@paragraph=\count189
\c@subparagraph=\count190
\c@figure=\count191
\c@table=\count192
\abovecaptionskip=\skip47
\belowcaptionskip=\skip48
\bibindent=\dimen138
)
(c:/Users/Philip.Jonathan/AppData/Local/Programs/texlive/2022/texmf-dist/tex/la
tex/amsmath/amsmath.sty
Package: amsmath 2022/04/08 v2.17n AMS math features
\@mathmargin=\skip49

For additional information on amsmath, use the `?' option.

(c:/Users/Philip.Jonathan/AppData/Local/Programs/texlive/2022/texmf-dist/tex/la
tex/amsmath/amstext.sty
Package: amstext 2021/08/26 v2.01 AMS text

(c:/Users/Philip.Jonathan/AppData/Local/Programs/texlive/2022/texmf-dist/tex/la
tex/amsmath/amsgen.sty
File: amsgen.sty 1999/11/30 v2.0 generic functions
\@emptytoks=\toks16
\ex@=\dimen139
))
(c:/Users/Philip.Jonathan/AppData/Local/Programs/texlive/2022/texmf-dist/tex/la
tex/amsmath/amsbsy.sty
Package: amsbsy 1999/11/29 v1.2d Bold Symbols
\pmbraise@=\dimen140
)
(c:/Users/Philip.Jonathan/AppData/Local/Programs/texlive/2022/texmf-dist/tex/la
tex/amsmath/amsopn.sty
Package: amsopn 2022/04/08 v2.04 operator names
)
\inf@bad=\count193
LaTeX Info: Redefining \frac on input line 234.
\uproot@=\count194
\leftroot@=\count195
LaTeX Info: Redefining \overline on input line 399.
LaTeX Info: Redefining \colon on input line 410.
\classnum@=\count196
\DOTSCASE@=\count197
LaTeX Info: Redefining \ldots on input line 496.
LaTeX Info: Redefining \dots on input line 499.
LaTeX Info: Redefining \cdots on input line 620.
\Mathstrutbox@=\box51
\strutbox@=\box52
LaTeX Info: Redefining \big on input line 722.
LaTeX Info: Redefining \Big on input line 723.
LaTeX Info: Redefining \bigg on input line 724.
LaTeX Info: Redefining \Bigg on input line 725.
\big@size=\dimen141
LaTeX Font Info:    Redeclaring font encoding OML on input line 743.
LaTeX Font Info:    Redeclaring font encoding OMS on input line 744.
\macc@depth=\count198
LaTeX Info: Redefining \bmod on input line 905.
LaTeX Info: Redefining \pmod on input line 910.
LaTeX Info: Redefining \smash on input line 940.
LaTeX Info: Redefining \relbar on input line 970.
LaTeX Info: Redefining \Relbar on input line 971.
\c@MaxMatrixCols=\count199
\dotsspace@=\muskip16
\c@parentequation=\count266
\dspbrk@lvl=\count267
\tag@help=\toks17
\row@=\count268
\column@=\count269
\maxfields@=\count270
\andhelp@=\toks18
\eqnshift@=\dimen142
\alignsep@=\dimen143
\tagshift@=\dimen144
\tagwidth@=\dimen145
\totwidth@=\dimen146
\lineht@=\dimen147
\@envbody=\toks19
\multlinegap=\skip50
\multlinetaggap=\skip51
\mathdisplay@stack=\toks20
LaTeX Info: Redefining \[ on input line 2953.
LaTeX Info: Redefining \] on input line 2954.
)
(c:/Users/Philip.Jonathan/AppData/Local/Programs/texlive/2022/texmf-dist/tex/la
tex/graphics/graphicx.sty
Package: graphicx 2021/09/16 v1.2d Enhanced LaTeX Graphics (DPC,SPQR)

(c:/Users/Philip.Jonathan/AppData/Local/Programs/texlive/2022/texmf-dist/tex/la
tex/graphics/keyval.sty
Package: keyval 2022/05/29 v1.15 key=value parser (DPC)
\KV@toks@=\toks21
)
(c:/Users/Philip.Jonathan/AppData/Local/Programs/texlive/2022/texmf-dist/tex/la
tex/graphics/graphics.sty
Package: graphics 2022/03/10 v1.4e Standard LaTeX Graphics (DPC,SPQR)

(c:/Users/Philip.Jonathan/AppData/Local/Programs/texlive/2022/texmf-dist/tex/la
tex/graphics/trig.sty
Package: trig 2021/08/11 v1.11 sin cos tan (DPC)
)
(c:/Users/Philip.Jonathan/AppData/Local/Programs/texlive/2022/texmf-dist/tex/la
tex/graphics-cfg/graphics.cfg
File: graphics.cfg 2016/06/04 v1.11 sample graphics configuration
)
Package graphics Info: Driver file: pdftex.def on input line 107.

(c:/Users/Philip.Jonathan/AppData/Local/Programs/texlive/2022/texmf-dist/tex/la
tex/graphics-def/pdftex.def
File: pdftex.def 2020/10/05 v1.2a Graphics/color driver for pdftex
))
\Gin@req@height=\dimen148
\Gin@req@width=\dimen149
)
(c:/Users/Philip.Jonathan/AppData/Local/Programs/texlive/2022/texmf-dist/tex/la
tex/amsfonts/amssymb.sty
Package: amssymb 2013/01/14 v3.01 AMS font symbols

(c:/Users/Philip.Jonathan/AppData/Local/Programs/texlive/2022/texmf-dist/tex/la
tex/amsfonts/amsfonts.sty
Package: amsfonts 2013/01/14 v3.01 Basic AMSFonts support
\symAMSa=\mathgroup4
\symAMSb=\mathgroup5
LaTeX Font Info:    Redeclaring math symbol \hbar on input line 98.
LaTeX Font Info:    Overwriting math alphabet `\mathfrak' in version `bold'
(Font)                  U/euf/m/n --> U/euf/b/n on input line 106.
))
(c:/Users/Philip.Jonathan/AppData/Local/Programs/texlive/2022/texmf-dist/tex/la
tex/amscls/amsthm.sty
Package: amsthm 2020/05/29 v2.20.6
\thm@style=\toks22
\thm@bodyfont=\toks23
\thm@headfont=\toks24
\thm@notefont=\toks25
\thm@headpunct=\toks26
\thm@preskip=\skip52
\thm@postskip=\skip53
\thm@headsep=\skip54
\dth@everypar=\toks27
)
(c:/Users/Philip.Jonathan/AppData/Local/Programs/texlive/2022/texmf-dist/tex/la
tex/setspace/setspace.sty
Package: setspace 2011/12/19 v6.7a set line spacing
)
(c:/Users/Philip.Jonathan/AppData/Local/Programs/texlive/2022/texmf-dist/tex/la
tex/natbib/natbib.sty
Package: natbib 2010/09/13 8.31b (PWD, AO)
\bibhang=\skip55
\bibsep=\skip56
LaTeX Info: Redefining \cite on input line 694.
\c@NAT@ctr=\count271
)
(c:/Users/Philip.Jonathan/AppData/Local/Programs/texlive/2022/texmf-dist/tex/la
tex/psnfss/mathpazo.sty
Package: mathpazo 2020/03/25 PSNFSS-v9.3 Palatino w/ Pazo Math (D.Puga, WaS) 
\symupright=\mathgroup6
)
LaTeX Font Info:    Trying to load font information for OT1+ppl on input line 1
4.

(c:/Users/Philip.Jonathan/AppData/Local/Programs/texlive/2022/texmf-dist/tex/la
tex/psnfss/ot1ppl.fd
File: ot1ppl.fd 2001/06/04 font definitions for OT1/ppl.
)
(c:/Users/Philip.Jonathan/AppData/Local/Programs/texlive/2022/texmf-dist/tex/la
tex/l3backend/l3backend-pdftex.def
File: l3backend-pdftex.def 2022-08-05 L3 backend support: PDF output (pdfTeX)
\l__color_backend_stack_int=\count272
\l__pdf_internal_box=\box53
) (./Methods.aux)
\openout1 = `Methods.aux'.

LaTeX Font Info:    Checking defaults for OML/cmm/m/it on input line 14.
LaTeX Font Info:    ... okay on input line 14.
LaTeX Font Info:    Checking defaults for OMS/cmsy/m/n on input line 14.
LaTeX Font Info:    ... okay on input line 14.
LaTeX Font Info:    Checking defaults for OT1/cmr/m/n on input line 14.
LaTeX Font Info:    ... okay on input line 14.
LaTeX Font Info:    Checking defaults for T1/cmr/m/n on input line 14.
LaTeX Font Info:    ... okay on input line 14.
LaTeX Font Info:    Checking defaults for TS1/cmr/m/n on input line 14.
LaTeX Font Info:    ... okay on input line 14.
LaTeX Font Info:    Checking defaults for OMX/cmex/m/n on input line 14.
LaTeX Font Info:    ... okay on input line 14.
LaTeX Font Info:    Checking defaults for U/cmr/m/n on input line 14.
LaTeX Font Info:    ... okay on input line 14.

(c:/Users/Philip.Jonathan/AppData/Local/Programs/texlive/2022/texmf-dist/tex/co
ntext/base/mkii/supp-pdf.mkii
[Loading MPS to PDF converter (version 2006.09.02).]
\scratchcounter=\count273
\scratchdimen=\dimen150
\scratchbox=\box54
\nofMPsegments=\count274
\nofMParguments=\count275
\everyMPshowfont=\toks28
\MPscratchCnt=\count276
\MPscratchDim=\dimen151
\MPnumerator=\count277
\makeMPintoPDFobject=\count278
\everyMPtoPDFconversion=\toks29
)
(c:/Users/Philip.Jonathan/AppData/Local/Programs/texlive/2022/texmf-dist/tex/la
tex/epstopdf-pkg/epstopdf-base.sty
Package: epstopdf-base 2020-01-24 v2.11 Base part for package epstopdf
Package epstopdf-base Info: Redefining graphics rule for `.eps' on input line 4
85.

(c:/Users/Philip.Jonathan/AppData/Local/Programs/texlive/2022/texmf-dist/tex/la
tex/latexconfig/epstopdf-sys.cfg
File: epstopdf-sys.cfg 2010/07/13 v1.3 Configuration of (r)epstopdf for TeX Liv
e
))
LaTeX Font Info:    Trying to load font information for OML+zplm on input line 
18.

(c:/Users/Philip.Jonathan/AppData/Local/Programs/texlive/2022/texmf-dist/tex/la
tex/psnfss/omlzplm.fd
File: omlzplm.fd 2002/09/08 Fontinst v1.914 font definitions for OML/zplm.
)
LaTeX Font Info:    Trying to load font information for OMS+zplm on input line 
18.

(c:/Users/Philip.Jonathan/AppData/Local/Programs/texlive/2022/texmf-dist/tex/la
tex/psnfss/omszplm.fd
File: omszplm.fd 2002/09/08 Fontinst v1.914 font definitions for OMS/zplm.
)
LaTeX Font Info:    Trying to load font information for OMX+zplm on input line 
18.

(c:/Users/Philip.Jonathan/AppData/Local/Programs/texlive/2022/texmf-dist/tex/la
tex/psnfss/omxzplm.fd
File: omxzplm.fd 2002/09/08 Fontinst v1.914 font definitions for OMX/zplm.
)
LaTeX Font Info:    Font shape `U/msa/m/n' will be
(Font)              scaled to size 12.50409pt on input line 18.
LaTeX Font Info:    Font shape `U/msa/m/n' will be
(Font)              scaled to size 9.37807pt on input line 18.
LaTeX Font Info:    Font shape `U/msa/m/n' will be
(Font)              scaled to size 7.29405pt on input line 18.
LaTeX Font Info:    Font shape `U/msb/m/n' will be
(Font)              scaled to size 12.50409pt on input line 18.
LaTeX Font Info:    Font shape `U/msb/m/n' will be
(Font)              scaled to size 9.37807pt on input line 18.
LaTeX Font Info:    Font shape `U/msb/m/n' will be
(Font)              scaled to size 7.29405pt on input line 18.
LaTeX Font Info:    Trying to load font information for OT1+zplm on input line 
18.

(c:/Users/Philip.Jonathan/AppData/Local/Programs/texlive/2022/texmf-dist/tex/la
tex/psnfss/ot1zplm.fd
File: ot1zplm.fd 2002/09/08 Fontinst v1.914 font definitions for OT1/zplm.
)
LaTeX Font Info:    Font shape `U/msa/m/n' will be
(Font)              scaled to size 10.42007pt on input line 23.
LaTeX Font Info:    Font shape `U/msa/m/n' will be
(Font)              scaled to size 7.91925pt on input line 23.
LaTeX Font Info:    Font shape `U/msa/m/n' will be
(Font)              scaled to size 6.25204pt on input line 23.
LaTeX Font Info:    Font shape `U/msb/m/n' will be
(Font)              scaled to size 10.42007pt on input line 23.
LaTeX Font Info:    Font shape `U/msb/m/n' will be
(Font)              scaled to size 7.91925pt on input line 23.
LaTeX Font Info:    Font shape `U/msb/m/n' will be
(Font)              scaled to size 6.25204pt on input line 23.
 [1

{c:/Users/Philip.Jonathan/AppData/Local/Programs/texlive/2022/texmf-var/fonts/m
ap/pdftex/updmap/pdftex.map}] [2] (./Methods.bbl
[3]) [4] (./Methods.aux) ) 
Here is how much of TeX's memory you used:
 3264 strings out of 477678
 50227 string characters out of 5811012
 353257 words of memory out of 5000000
 22014 multiletter control sequences out of 15000+600000
 501774 words of font info for 115 fonts, out of 8000000 for 9000
 1141 hyphenation exceptions out of 8191
 55i,12n,62p,1260b,223s stack positions out of 10000i,1000n,20000p,200000b,200000s
{c:/Users/Philip.Jonathan/AppData/Local/Programs/texl
ive/2022/texmf-dist/fonts/enc/dvips/base/8r.enc}<c:/Users/Philip.Jonathan/AppDa
ta/Local/Programs/texlive/2022/texmf-dist/fonts/type1/public/amsfonts/cm/cmmi10
.pfb><c:/Users/Philip.Jonathan/AppData/Local/Programs/texlive/2022/texmf-dist/f
onts/type1/public/amsfonts/cm/cmr10.pfb><c:/Users/Philip.Jonathan/AppData/Local
/Programs/texlive/2022/texmf-dist/fonts/type1/public/amsfonts/cm/cmsy10.pfb><c:
/Users/Philip.Jonathan/AppData/Local/Programs/texlive/2022/texmf-dist/fonts/typ
e1/public/mathpazo/fplmbi.pfb><c:/Users/Philip.Jonathan/AppData/Local/Programs/
texlive/2022/texmf-dist/fonts/type1/public/mathpazo/fplmr.pfb><c:/Users/Philip.
Jonathan/AppData/Local/Programs/texlive/2022/texmf-dist/fonts/type1/public/math
pazo/fplmri.pfb><c:/Users/Philip.Jonathan/AppData/Local/Programs/texlive/2022/t
exmf-dist/fonts/type1/urw/palatino/uplb8a.pfb><c:/Users/Philip.Jonathan/AppData
/Local/Programs/texlive/2022/texmf-dist/fonts/type1/urw/palatino/uplbi8a.pfb><c
:/Users/Philip.Jonathan/AppData/Local/Programs/texlive/2022/texmf-dist/fonts/ty
pe1/urw/palatino/uplr8a.pfb><c:/Users/Philip.Jonathan/AppData/Local/Programs/te
xlive/2022/texmf-dist/fonts/type1/urw/palatino/uplri8a.pfb>
Output written on Methods.pdf (4 pages, 110846 bytes).
PDF statistics:
 68 PDF objects out of 1000 (max. 8388607)
 41 compressed objects within 1 object stream
 0 named destinations out of 1000 (max. 500000)
 1 words of extra memory for PDF output out of 10000 (max. 10000000)

